<?xml version="1.0" encoding="UTF-8"?>
<!-- Generated by org.testng.reporters.JUnitReportReporter -->
<testsuite skipped="0" hostname="DESKTOP-HHJ4EMQ" name="org.sam.Sample" tests="1" failures="0" timestamp="26 Apr 2021 23:39:26 GMT" time="0.005" errors="0">
  <testcase name="tc1" time="0.005" classname="org.sam.Sample"/>
</testsuite> <!-- org.sam.Sample -->
