<?xml version="1.0" encoding="UTF-8"?>
<!-- Generated by org.testng.reporters.JUnitReportReporter -->
<testsuite skipped="0" hostname="DESKTOP-HHJ4EMQ" name="org.sam.AdactLogin" tests="1" failures="0" timestamp="28 Apr 2021 00:35:36 GMT" time="1.233" errors="0">
  <testcase name="tc1" time="1.233" classname="org.sam.AdactLogin"/>
</testsuite> <!-- org.sam.AdactLogin -->
